<?xml version="1.0" encoding="UTF-8"?>
<!-- Generated by org.testng.reporters.JUnitReportReporter -->
<testsuite hostname="DESKTOP-SFF2J2C" failures="0" tests="1" name="login.LoginHappyPathTest" time="7.531" errors="0" timestamp="2025-01-05T15:38:42 EET" skipped="0">
  <testcase classname="login.LoginHappyPathTest" name="verifySuccessfulLoginWithValidCredentials" time="7.531"/>
</testsuite> <!-- login.LoginHappyPathTest -->
