<?xml version="1.0" encoding="UTF-8"?>
<!-- Generated by org.testng.reporters.JUnitReportReporter -->
<testsuite hostname="DESKTOP-SFF2J2C" failures="0" tests="1" name="e2e.VerifyUserCanRegisterLoginUpdateProfilePost" time="19.787" errors="0" timestamp="2025-01-05T15:38:42 EET" skipped="0">
  <testcase classname="e2e.VerifyUserCanRegisterLoginUpdateProfilePost" name="basicEndToEnd" time="19.787"/>
</testsuite> <!-- e2e.VerifyUserCanRegisterLoginUpdateProfilePost -->
