<?xml version="1.0" encoding="UTF-8"?>
<!-- Generated by org.testng.reporters.JUnitReportReporter -->
<testsuite hostname="DESKTOP-SFF2J2C" failures="0" tests="1" name="register.RegistrationPageLayoutTest" time="4.939" errors="0" timestamp="2025-01-05T15:38:42 EET" skipped="0">
  <testcase classname="register.RegistrationPageLayoutTest" name="verifyRegistrationPagePlaceHolders" time="4.939"/>
</testsuite> <!-- register.RegistrationPageLayoutTest -->
