<?xml version="1.0" encoding="UTF-8"?>
<!-- Generated by org.testng.reporters.JUnitReportReporter -->
<testsuite hostname="DESKTOP-SFF2J2C" failures="0" tests="3" name="login.LoginNegativePathTest" time="23.104" errors="0" timestamp="2025-01-05T15:38:42 EET" skipped="0">
  <testcase classname="login.LoginNegativePathTest" name="verifyUserCannotLoginWithEmptyCredentials" time="11.138"/>
  <testcase classname="login.LoginNegativePathTest" name="verifyUserCannotLoginWithInvalidPassword" time="6.377"/>
  <testcase classname="login.LoginNegativePathTest" name="verifyUnsuccessfulLoginWithInvalidUsername" time="5.589"/>
</testsuite> <!-- login.LoginNegativePathTest -->
