<?xml version="1.0" encoding="UTF-8"?>
<!-- Generated by org.testng.reporters.JUnitReportReporter -->
<testsuite hostname="DESKTOP-SFF2J2C" failures="0" tests="2" name="register.RegistrationNegativePathTest" time="18.470" errors="0" timestamp="2025-01-05T15:38:42 EET" skipped="0">
  <testcase classname="register.RegistrationNegativePathTest" name="verifyUserCannotRegisterWithTakenUsername" time="9.369"/>
  <testcase classname="register.RegistrationNegativePathTest" name="verifyUserCannotRegisterWithTakenEmail" time="9.101"/>
</testsuite> <!-- register.RegistrationNegativePathTest -->
