<?xml version="1.0" encoding="UTF-8"?>
<!-- Generated by org.testng.reporters.JUnitReportReporter -->
<testsuite hostname="DESKTOP-SFF2J2C" failures="0" tests="1" name="register.RegistrationHappyPathTest" time="11.291" errors="0" timestamp="2025-01-05T15:38:42 EET" skipped="0">
  <testcase classname="register.RegistrationHappyPathTest" name="verifySuccessfulRegistrationWithValidCredentials" time="11.291"/>
</testsuite> <!-- register.RegistrationHappyPathTest -->
